<?xml version="1.0" encoding="UTF-8"?>
<!-- Generated by org.testng.reporters.JUnitXMLReporter -->
<testsuite ignored="2" hostname="DESKTOP-M57CAPD" failures="0" tests="1" name="Default test" time="0.153" errors="0" timestamp="2023-01-18T10:49:10 IST">
  <testcase classname="Practice_Maven.CreateTest" name="eduLoan" time="0.02"/>
  <testcase classname="Practice_Maven.CreateTest" name="marriageLoan" time="0.0">
    <ignored/>
  </testcase> <!-- marriageLoan -->
  <testcase classname="Practice_Maven.CreateTest" name="goldLoan" time="0.0">
    <ignored/>
  </testcase> <!-- goldLoan -->
</testsuite> <!-- Default test -->
