<?xml version="1.0" encoding="UTF-8"?>
<!-- Generated by org.testng.reporters.JUnitXMLReporter -->
<testsuite ignored="0" hostname="DESKTOP-CMKOKBU" failures="0" tests="3" name="Default test" time="0.074" errors="0" timestamp="2023-01-18T17:59:33 IST">
  <testcase classname="Practice_Maven.GroupsExcetueTest_1" name="eduLoan" time="0.014"/>
  <testcase classname="Practice_Maven.GroupsExcetueTest_1" name="goldLoan" time="0.003"/>
  <testcase classname="Practice_Maven.GroupsExcetueTest_1" name="marriageLoan" time="0.002"/>
</testsuite> <!-- Default test -->
