<?xml version="1.0" encoding="UTF-8"?>
<testng-results ignored="2" total="3" passed="1" failed="0" skipped="0">
  <reporter-output>
  </reporter-output>
  <suite started-at="2023-01-18T10:49:10 IST" name="Default suite" finished-at="2023-01-18T10:49:10 IST" duration-ms="153">
    <groups>
    </groups>
    <test started-at="2023-01-18T10:49:10 IST" name="Default test" finished-at="2023-01-18T10:49:10 IST" duration-ms="153">
      <class name="Practice_Maven.CreateTest">
        <test-method signature="eduLoan()[pri:0, instance:Practice_Maven.CreateTest@212b5695]" started-at="2023-01-18T10:49:10 IST" name="eduLoan" finished-at="2023-01-18T10:49:10 IST" duration-ms="20" status="PASS">
          <reporter-output>
          </reporter-output>
        </test-method> <!-- eduLoan -->
      </class> <!-- Practice_Maven.CreateTest -->
    </test> <!-- Default test -->
  </suite> <!-- Default suite -->
</testng-results>
