<?xml version="1.0" encoding="UTF-8"?>
<testng-results ignored="0" total="3" passed="3" failed="0" skipped="0">
  <reporter-output>
  </reporter-output>
  <suite started-at="2023-01-18T17:59:33 IST" name="Default suite" finished-at="2023-01-18T17:59:33 IST" duration-ms="74">
    <groups>
      <group name="Integration">
        <method signature="GroupsExcetueTest_1.marriageLoan()[pri:0, instance:Practice_Maven.GroupsExcetueTest_1@6a28ffa4]" name="marriageLoan" class="Practice_Maven.GroupsExcetueTest_1"/>
      </group> <!-- Integration -->
      <group name="Sanity">
        <method signature="GroupsExcetueTest_1.eduLoan()[pri:0, instance:Practice_Maven.GroupsExcetueTest_1@6a28ffa4]" name="eduLoan" class="Practice_Maven.GroupsExcetueTest_1"/>
      </group> <!-- Sanity -->
      <group name="Regression">
        <method signature="GroupsExcetueTest_1.marriageLoan()[pri:0, instance:Practice_Maven.GroupsExcetueTest_1@6a28ffa4]" name="marriageLoan" class="Practice_Maven.GroupsExcetueTest_1"/>
      </group> <!-- Regression -->
      <group name="Smoke">
        <method signature="GroupsExcetueTest_1.goldLoan()[pri:0, instance:Practice_Maven.GroupsExcetueTest_1@6a28ffa4]" name="goldLoan" class="Practice_Maven.GroupsExcetueTest_1"/>
      </group> <!-- Smoke -->
    </groups>
    <test started-at="2023-01-18T17:59:33 IST" name="Default test" finished-at="2023-01-18T17:59:33 IST" duration-ms="74">
      <class name="Practice_Maven.GroupsExcetueTest_1">
        <test-method signature="eduLoan()[pri:0, instance:Practice_Maven.GroupsExcetueTest_1@6a28ffa4]" started-at="2023-01-18T17:59:33 IST" name="eduLoan" finished-at="2023-01-18T17:59:33 IST" duration-ms="14" status="PASS">
          <reporter-output>
          </reporter-output>
        </test-method> <!-- eduLoan -->
        <test-method signature="goldLoan()[pri:0, instance:Practice_Maven.GroupsExcetueTest_1@6a28ffa4]" started-at="2023-01-18T17:59:33 IST" name="goldLoan" finished-at="2023-01-18T17:59:33 IST" duration-ms="3" status="PASS">
          <reporter-output>
          </reporter-output>
        </test-method> <!-- goldLoan -->
        <test-method signature="marriageLoan()[pri:0, instance:Practice_Maven.GroupsExcetueTest_1@6a28ffa4]" started-at="2023-01-18T17:59:33 IST" name="marriageLoan" finished-at="2023-01-18T17:59:33 IST" duration-ms="2" status="PASS">
          <reporter-output>
          </reporter-output>
        </test-method> <!-- marriageLoan -->
      </class> <!-- Practice_Maven.GroupsExcetueTest_1 -->
    </test> <!-- Default test -->
  </suite> <!-- Default suite -->
</testng-results>
